Flow report for trabalho_1
Sun Nov 19 18:14:05 2023
Quartus Prime Version 17.0.0 Build 595 04/25/2017 SJ Lite Edition


---------------------
; Table of Contents ;
---------------------
  1. Legal Notice
  2. Flow Summary
  3. Flow Settings
  4. Flow Non-Default Global Settings
  5. Flow Elapsed Time
  6. Flow OS Summary
  7. Flow Log
  8. Flow Messages
  9. Flow Suppressed Messages



----------------
; Legal Notice ;
----------------
Copyright (C) 2017  Intel Corporation. All rights reserved.
Your use of Intel Corporation's design tools, logic functions 
and other software and tools, and its AMPP partner logic 
functions, and any output files from any of the foregoing 
(including device programming or simulation files), and any 
associated documentation or information are expressly subject 
to the terms and conditions of the Intel Program License 
Subscription Agreement, the Intel Quartus Prime License Agreement,
the Intel MegaCore Function License Agreement, or other 
applicable license agreement, including, without limitation, 
that your use is for the sole purpose of programming logic 
devices manufactured by Intel and sold by Intel or its 
authorized distributors.  Please refer to the applicable 
agreement for further details.



+----------------------------------------------------------------------------------+
; Flow Summary                                                                     ;
+------------------------------------+---------------------------------------------+
; Flow Status                        ; Successful - Sun Nov 19 18:14:05 2023       ;
; Quartus Prime Version              ; 17.0.0 Build 595 04/25/2017 SJ Lite Edition ;
; Revision Name                      ; trabalho_1                                  ;
; Top-level Entity Name              ; maquina_estados_moore                       ;
; Family                             ; Cyclone IV E                                ;
; Device                             ; EP4CE115F29C8                               ;
; Timing Models                      ; Final                                       ;
; Total logic elements               ; 2 / 114,480 ( < 1 % )                       ;
;     Total combinational functions  ; 1 / 114,480 ( < 1 % )                       ;
;     Dedicated logic registers      ; 2 / 114,480 ( < 1 % )                       ;
; Total registers                    ; 2                                           ;
; Total pins                         ; 4 / 529 ( < 1 % )                           ;
; Total virtual pins                 ; 0                                           ;
; Total memory bits                  ; 0 / 3,981,312 ( 0 % )                       ;
; Embedded Multiplier 9-bit elements ; 0 / 532 ( 0 % )                             ;
; Total PLLs                         ; 0 / 4 ( 0 % )                               ;
+------------------------------------+---------------------------------------------+


+-----------------------------------------+
; Flow Settings                           ;
+-------------------+---------------------+
; Option            ; Setting             ;
+-------------------+---------------------+
; Start date & time ; 11/19/2023 18:12:55 ;
; Main task         ; Compilation         ;
; Revision Name     ; trabalho_1          ;
+-------------------+---------------------+


+-----------------------------------------------------------------------------------------------------------------------------------+
; Flow Non-Default Global Settings                                                                                                  ;
+-------------------------------------+----------------------------------------+---------------+-----------------------+------------+
; Assignment Name                     ; Value                                  ; Default Value ; Entity Name           ; Section Id ;
+-------------------------------------+----------------------------------------+---------------+-----------------------+------------+
; COMPILER_SIGNATURE_ID               ; 277807426625206.170042837508512        ; --            ; --                    ; --         ;
; MAX_CORE_JUNCTION_TEMP              ; 85                                     ; --            ; --                    ; --         ;
; MIN_CORE_JUNCTION_TEMP              ; 0                                      ; --            ; --                    ; --         ;
; NOMINAL_CORE_SUPPLY_VOLTAGE         ; 1.2V                                   ; --            ; --                    ; --         ;
; PARTITION_COLOR                     ; -- (Not supported for targeted family) ; --            ; maquina_estados_moore ; Top        ;
; PARTITION_FITTER_PRESERVATION_LEVEL ; -- (Not supported for targeted family) ; --            ; maquina_estados_moore ; Top        ;
; PARTITION_NETLIST_TYPE              ; -- (Not supported for targeted family) ; --            ; maquina_estados_moore ; Top        ;
; POWER_BOARD_THERMAL_MODEL           ; None (CONSERVATIVE)                    ; --            ; --                    ; --         ;
; POWER_PRESET_COOLING_SOLUTION       ; 23 MM HEAT SINK WITH 200 LFPM AIRFLOW  ; --            ; --                    ; --         ;
; PROJECT_OUTPUT_DIRECTORY            ; output_files                           ; --            ; --                    ; --         ;
; TOP_LEVEL_ENTITY                    ; maquina_estados_moore                  ; trabalho_1    ; --                    ; --         ;
+-------------------------------------+----------------------------------------+---------------+-----------------------+------------+


+-------------------------------------------------------------------------------------------------------------------------------+
; Flow Elapsed Time                                                                                                             ;
+---------------------------+--------------+-------------------------+---------------------+------------------------------------+
; Module Name               ; Elapsed Time ; Average Processors Used ; Peak Virtual Memory ; Total CPU Time (on all processors) ;
+---------------------------+--------------+-------------------------+---------------------+------------------------------------+
; Analysis & Synthesis      ; 00:00:12     ; 1.0                     ; 4784 MB             ; 00:00:24                           ;
; Fitter                    ; 00:00:13     ; 1.0                     ; 5677 MB             ; 00:00:18                           ;
; Assembler                 ; 00:00:04     ; 1.0                     ; 4676 MB             ; 00:00:04                           ;
; TimeQuest Timing Analyzer ; 00:00:02     ; 1.0                     ; 4836 MB             ; 00:00:02                           ;
; EDA Netlist Writer        ; 00:00:01     ; 1.0                     ; 4627 MB             ; 00:00:01                           ;
; EDA Netlist Writer        ; 00:00:01     ; 1.0                     ; 4636 MB             ; 00:00:01                           ;
; Total                     ; 00:00:33     ; --                      ; --                  ; 00:00:50                           ;
+---------------------------+--------------+-------------------------+---------------------+------------------------------------+


+-----------------------------------------------------------------------------------------+
; Flow OS Summary                                                                         ;
+---------------------------+------------------+------------+------------+----------------+
; Module Name               ; Machine Hostname ; OS Name    ; OS Version ; Processor type ;
+---------------------------+------------------+------------+------------+----------------+
; Analysis & Synthesis      ; DESKTOP-SC65Q9I  ; Windows 10 ; 10.0       ; x86_64         ;
; Fitter                    ; DESKTOP-SC65Q9I  ; Windows 10 ; 10.0       ; x86_64         ;
; Assembler                 ; DESKTOP-SC65Q9I  ; Windows 10 ; 10.0       ; x86_64         ;
; TimeQuest Timing Analyzer ; DESKTOP-SC65Q9I  ; Windows 10 ; 10.0       ; x86_64         ;
; EDA Netlist Writer        ; DESKTOP-SC65Q9I  ; Windows 10 ; 10.0       ; x86_64         ;
; EDA Netlist Writer        ; DESKTOP-SC65Q9I  ; Windows 10 ; 10.0       ; x86_64         ;
+---------------------------+------------------+------------+------------+----------------+


------------
; Flow Log ;
------------
quartus_map --read_settings_files=on --write_settings_files=off trabalho_1 -c trabalho_1
quartus_fit --read_settings_files=off --write_settings_files=off trabalho_1 -c trabalho_1
quartus_asm --read_settings_files=off --write_settings_files=off trabalho_1 -c trabalho_1
quartus_sta trabalho_1 -c trabalho_1
quartus_eda --gen_testbench --tool=modelsim_oem --format=vhdl --write_settings_files=off trabalho_1 -c trabalho_1 --vector_source="D:/Documentos/GitHub/Sistemasdigitais/4Bimestre/Trabalho 1/Waveform2.vwf" --testbench_file="D:/Documentos/GitHub/Sistemasdigitais/4Bimestre/Trabalho 1/simulation/qsim/Waveform2.vwf.vht"
quartus_eda --write_settings_files=off --simulation=on --functional=on --flatten_buses=off --tool=modelsim_oem --format=vhdl --output_directory="D:/Documentos/GitHub/Sistemasdigitais/4Bimestre/Trabalho 1/simulation/qsim/" trabalho_1 -c trabalho_1



