Analysis & Synthesis report for contador
Mon Dec 04 23:18:01 2023
Quartus Prime Version 17.0.0 Build 595 04/25/2017 SJ Lite Edition


---------------------
; Table of Contents ;
---------------------
  1. Legal Notice
  2. Analysis & Synthesis Summary
  3. Analysis & Synthesis Settings
  4. Parallel Compilation
  5. Analysis & Synthesis Source Files Read
  6. Analysis & Synthesis Resource Usage Summary
  7. Analysis & Synthesis Resource Utilization by Entity
  8. State Machine - |toplevel|control:control_inst|estado_atual
  9. Registers Removed During Synthesis
 10. General Register Statistics
 11. Multiplexer Restructuring Statistics (Restructuring Performed)
 12. Post-Synthesis Netlist Statistics for Top Partition
 13. Elapsed Time Per Partition
 14. Analysis & Synthesis Messages



----------------
; Legal Notice ;
----------------
Copyright (C) 2017  Intel Corporation. All rights reserved.
Your use of Intel Corporation's design tools, logic functions 
and other software and tools, and its AMPP partner logic 
functions, and any output files from any of the foregoing 
(including device programming or simulation files), and any 
associated documentation or information are expressly subject 
to the terms and conditions of the Intel Program License 
Subscription Agreement, the Intel Quartus Prime License Agreement,
the Intel MegaCore Function License Agreement, or other 
applicable license agreement, including, without limitation, 
that your use is for the sole purpose of programming logic 
devices manufactured by Intel and sold by Intel or its 
authorized distributors.  Please refer to the applicable 
agreement for further details.



+----------------------------------------------------------------------------------+
; Analysis & Synthesis Summary                                                     ;
+------------------------------------+---------------------------------------------+
; Analysis & Synthesis Status        ; Successful - Mon Dec 04 23:18:01 2023       ;
; Quartus Prime Version              ; 17.0.0 Build 595 04/25/2017 SJ Lite Edition ;
; Revision Name                      ; contador                                    ;
; Top-level Entity Name              ; toplevel                                    ;
; Family                             ; Cyclone IV E                                ;
; Total logic elements               ; 454                                         ;
;     Total combinational functions  ; 450                                         ;
;     Dedicated logic registers      ; 248                                         ;
; Total registers                    ; 248                                         ;
; Total pins                         ; 42                                          ;
; Total virtual pins                 ; 0                                           ;
; Total memory bits                  ; 0                                           ;
; Embedded Multiplier 9-bit elements ; 0                                           ;
; Total PLLs                         ; 0                                           ;
+------------------------------------+---------------------------------------------+


+----------------------------------------------------------------------------------------------------------------------+
; Analysis & Synthesis Settings                                                                                        ;
+----------------------------------------------------------------------------+--------------------+--------------------+
; Option                                                                     ; Setting            ; Default Value      ;
+----------------------------------------------------------------------------+--------------------+--------------------+
; Device                                                                     ; EP4CE22F17C6       ;                    ;
; Top-level entity name                                                      ; toplevel           ; contador           ;
; Family name                                                                ; Cyclone IV E       ; Cyclone V          ;
; Use smart compilation                                                      ; Off                ; Off                ;
; Enable parallel Assembler and TimeQuest Timing Analyzer during compilation ; On                 ; On                 ;
; Enable compact report table                                                ; Off                ; Off                ;
; Restructure Multiplexers                                                   ; Auto               ; Auto               ;
; Create Debugging Nodes for IP Cores                                        ; Off                ; Off                ;
; Preserve fewer node names                                                  ; On                 ; On                 ;
; OpenCore Plus hardware evaluation                                          ; Enable             ; Enable             ;
; Verilog Version                                                            ; Verilog_2001       ; Verilog_2001       ;
; VHDL Version                                                               ; VHDL_1993          ; VHDL_1993          ;
; State Machine Processing                                                   ; Auto               ; Auto               ;
; Safe State Machine                                                         ; Off                ; Off                ;
; Extract Verilog State Machines                                             ; On                 ; On                 ;
; Extract VHDL State Machines                                                ; On                 ; On                 ;
; Ignore Verilog initial constructs                                          ; Off                ; Off                ;
; Iteration limit for constant Verilog loops                                 ; 5000               ; 5000               ;
; Iteration limit for non-constant Verilog loops                             ; 250                ; 250                ;
; Add Pass-Through Logic to Inferred RAMs                                    ; On                 ; On                 ;
; Infer RAMs from Raw Logic                                                  ; On                 ; On                 ;
; Parallel Synthesis                                                         ; On                 ; On                 ;
; DSP Block Balancing                                                        ; Auto               ; Auto               ;
; NOT Gate Push-Back                                                         ; On                 ; On                 ;
; Power-Up Don't Care                                                        ; On                 ; On                 ;
; Remove Redundant Logic Cells                                               ; Off                ; Off                ;
; Remove Duplicate Registers                                                 ; On                 ; On                 ;
; Ignore CARRY Buffers                                                       ; Off                ; Off                ;
; Ignore CASCADE Buffers                                                     ; Off                ; Off                ;
; Ignore GLOBAL Buffers                                                      ; Off                ; Off                ;
; Ignore ROW GLOBAL Buffers                                                  ; Off                ; Off                ;
; Ignore LCELL Buffers                                                       ; Off                ; Off                ;
; Ignore SOFT Buffers                                                        ; On                 ; On                 ;
; Limit AHDL Integers to 32 Bits                                             ; Off                ; Off                ;
; Optimization Technique                                                     ; Balanced           ; Balanced           ;
; Carry Chain Length                                                         ; 70                 ; 70                 ;
; Auto Carry Chains                                                          ; On                 ; On                 ;
; Auto Open-Drain Pins                                                       ; On                 ; On                 ;
; Perform WYSIWYG Primitive Resynthesis                                      ; Off                ; Off                ;
; Auto ROM Replacement                                                       ; On                 ; On                 ;
; Auto RAM Replacement                                                       ; On                 ; On                 ;
; Auto DSP Block Replacement                                                 ; On                 ; On                 ;
; Auto Shift Register Replacement                                            ; Auto               ; Auto               ;
; Allow Shift Register Merging across Hierarchies                            ; Auto               ; Auto               ;
; Auto Clock Enable Replacement                                              ; On                 ; On                 ;
; Strict RAM Replacement                                                     ; Off                ; Off                ;
; Allow Synchronous Control Signals                                          ; On                 ; On                 ;
; Force Use of Synchronous Clear Signals                                     ; Off                ; Off                ;
; Auto RAM Block Balancing                                                   ; On                 ; On                 ;
; Auto RAM to Logic Cell Conversion                                          ; Off                ; Off                ;
; Auto Resource Sharing                                                      ; Off                ; Off                ;
; Allow Any RAM Size For Recognition                                         ; Off                ; Off                ;
; Allow Any ROM Size For Recognition                                         ; Off                ; Off                ;
; Allow Any Shift Register Size For Recognition                              ; Off                ; Off                ;
; Use LogicLock Constraints during Resource Balancing                        ; On                 ; On                 ;
; Ignore translate_off and synthesis_off directives                          ; Off                ; Off                ;
; Timing-Driven Synthesis                                                    ; On                 ; On                 ;
; Report Parameter Settings                                                  ; On                 ; On                 ;
; Report Source Assignments                                                  ; On                 ; On                 ;
; Report Connectivity Checks                                                 ; On                 ; On                 ;
; Ignore Maximum Fan-Out Assignments                                         ; Off                ; Off                ;
; Synchronization Register Chain Length                                      ; 2                  ; 2                  ;
; PowerPlay Power Optimization During Synthesis                              ; Normal compilation ; Normal compilation ;
; HDL message level                                                          ; Level2             ; Level2             ;
; Suppress Register Optimization Related Messages                            ; Off                ; Off                ;
; Number of Removed Registers Reported in Synthesis Report                   ; 5000               ; 5000               ;
; Number of Swept Nodes Reported in Synthesis Report                         ; 5000               ; 5000               ;
; Number of Inverted Registers Reported in Synthesis Report                  ; 100                ; 100                ;
; Clock MUX Protection                                                       ; On                 ; On                 ;
; Auto Gated Clock Conversion                                                ; Off                ; Off                ;
; Block Design Naming                                                        ; Auto               ; Auto               ;
; SDC constraint protection                                                  ; Off                ; Off                ;
; Synthesis Effort                                                           ; Auto               ; Auto               ;
; Shift Register Replacement - Allow Asynchronous Clear Signal               ; On                 ; On                 ;
; Pre-Mapping Resynthesis Optimization                                       ; Off                ; Off                ;
; Analysis & Synthesis Message Level                                         ; Medium             ; Medium             ;
; Disable Register Merging Across Hierarchies                                ; Auto               ; Auto               ;
; Resource Aware Inference For Block RAM                                     ; On                 ; On                 ;
+----------------------------------------------------------------------------+--------------------+--------------------+


+------------------------------------------+
; Parallel Compilation                     ;
+----------------------------+-------------+
; Processors                 ; Number      ;
+----------------------------+-------------+
; Number detected on machine ; 4           ;
; Maximum allowed            ; 2           ;
;                            ;             ;
; Average used               ; 1.00        ;
; Maximum used               ; 2           ;
;                            ;             ;
; Usage by Processor         ; % Time Used ;
;     Processor 1            ; 100.0%      ;
;     Processor 2            ;   0.0%      ;
+----------------------------+-------------+


+---------------------------------------------------------------------------------------------------------------------------------------------------------------------------------------------------+
; Analysis & Synthesis Source Files Read                                                                                                                                                            ;
+----------------------------------+-----------------+-----------------------+------------------------------------------------------------------------------------------------------------+---------+
; File Name with User-Entered Path ; Used in Netlist ; File Type             ; File Name with Absolute Path                                                                               ; Library ;
+----------------------------------+-----------------+-----------------------+------------------------------------------------------------------------------------------------------------+---------+
; DIVISOR_50MHz.vhd                ; yes             ; User VHDL File        ; C:/Users/Akira/Documents/github/Sistemasdigitais/4bimestre/Trabalho 2/segundaparte/DIVISOR_50MHz.vhd       ;         ;
; DIVISOR_25MHz.vhd                ; yes             ; User VHDL File        ; C:/Users/Akira/Documents/github/Sistemasdigitais/4bimestre/Trabalho 2/segundaparte/DIVISOR_25MHz.vhd       ;         ;
; DIVISOR_10MHz.vhd                ; yes             ; User VHDL File        ; C:/Users/Akira/Documents/github/Sistemasdigitais/4bimestre/Trabalho 2/segundaparte/DIVISOR_10MHz.vhd       ;         ;
; DIVISOR_5MHz.vhd                 ; yes             ; User VHDL File        ; C:/Users/Akira/Documents/github/Sistemasdigitais/4bimestre/Trabalho 2/segundaparte/DIVISOR_5MHz.vhd        ;         ;
; control.vhd                      ; yes             ; User VHDL File        ; C:/Users/Akira/Documents/github/Sistemasdigitais/4bimestre/Trabalho 2/segundaparte/control.vhd             ;         ;
; MUX.vhd                          ; yes             ; User VHDL File        ; C:/Users/Akira/Documents/github/Sistemasdigitais/4bimestre/Trabalho 2/segundaparte/MUX.vhd                 ;         ;
; toplevel.vhd                     ; yes             ; User VHDL File        ; C:/Users/Akira/Documents/github/Sistemasdigitais/4bimestre/Trabalho 2/segundaparte/toplevel.vhd            ;         ;
; contador.vhd                     ; yes             ; Auto-Found VHDL File  ; C:/Users/Akira/Documents/github/Sistemasdigitais/4bimestre/Trabalho 2/segundaparte/contador.vhd            ;         ;
; modulo_bcd.vhd                   ; yes             ; Auto-Found VHDL File  ; C:/Users/Akira/Documents/github/Sistemasdigitais/4bimestre/Trabalho 2/segundaparte/modulo_bcd.vhd          ;         ;
; controlador_display.vhd          ; yes             ; Auto-Found VHDL File  ; C:/Users/Akira/Documents/github/Sistemasdigitais/4bimestre/Trabalho 2/segundaparte/controlador_display.vhd ;         ;
; mux4_1.vhd                       ; yes             ; Auto-Found VHDL File  ; C:/Users/Akira/Documents/github/Sistemasdigitais/4bimestre/Trabalho 2/segundaparte/mux4_1.vhd              ;         ;
+----------------------------------+-----------------+-----------------------+------------------------------------------------------------------------------------------------------------+---------+


+---------------------------------------------------------------+
; Analysis & Synthesis Resource Usage Summary                   ;
+---------------------------------------------+-----------------+
; Resource                                    ; Usage           ;
+---------------------------------------------+-----------------+
; Estimated Total logic elements              ; 454             ;
;                                             ;                 ;
; Total combinational functions               ; 450             ;
; Logic element usage by number of LUT inputs ;                 ;
;     -- 4 input functions                    ; 115             ;
;     -- 3 input functions                    ; 12              ;
;     -- <=2 input functions                  ; 323             ;
;                                             ;                 ;
; Logic elements by mode                      ;                 ;
;     -- normal mode                          ; 205             ;
;     -- arithmetic mode                      ; 245             ;
;                                             ;                 ;
; Total registers                             ; 248             ;
;     -- Dedicated logic registers            ; 248             ;
;     -- I/O registers                        ; 0               ;
;                                             ;                 ;
; I/O pins                                    ; 42              ;
;                                             ;                 ;
; Embedded Multiplier 9-bit elements          ; 0               ;
;                                             ;                 ;
; Maximum fan-out node                        ; reset_top~input ;
; Maximum fan-out                             ; 133             ;
; Total fan-out                               ; 1937            ;
; Average fan-out                             ; 2.48            ;
+---------------------------------------------+-----------------+


+----------------------------------------------------------------------------------------------------------------------------------------------------------------------------------------------------------------------------------------------------------------------------------------------+
; Analysis & Synthesis Resource Utilization by Entity                                                                                                                                                                                                                                          ;
+-----------------------------------------------+---------------------+---------------------------+-------------+--------------+---------+-----------+------+--------------+------------------------------------------------------------------------------+---------------------+--------------+
; Compilation Hierarchy Node                    ; Combinational ALUTs ; Dedicated Logic Registers ; Memory Bits ; DSP Elements ; DSP 9x9 ; DSP 18x18 ; Pins ; Virtual Pins ; Full Hierarchy Name                                                          ; Entity Name         ; Library Name ;
+-----------------------------------------------+---------------------+---------------------------+-------------+--------------+---------+-----------+------+--------------+------------------------------------------------------------------------------+---------------------+--------------+
; |toplevel                                     ; 450 (0)             ; 248 (0)                   ; 0           ; 0            ; 0       ; 0         ; 42   ; 0            ; |toplevel                                                                    ; toplevel            ; work         ;
;    |MUX4_1:MUX4_1_inst|                       ; 17 (17)             ; 0 (0)                     ; 0           ; 0            ; 0       ; 0         ; 0    ; 0            ; |toplevel|MUX4_1:MUX4_1_inst                                                 ; MUX4_1              ; work         ;
;    |contador:contador_inst|                   ; 182 (182)           ; 128 (128)                 ; 0           ; 0            ; 0       ; 0         ; 0    ; 0            ; |toplevel|contador:contador_inst                                             ; contador            ; work         ;
;    |control:control_inst|                     ; 171 (3)             ; 85 (5)                    ; 0           ; 0            ; 0       ; 0         ; 0    ; 0            ; |toplevel|control:control_inst                                               ; control             ; work         ;
;       |MUX:MUX_inst|                          ; 168 (3)             ; 80 (0)                    ; 0           ; 0            ; 0       ; 0         ; 0    ; 0            ; |toplevel|control:control_inst|MUX:MUX_inst                                  ; MUX                 ; work         ;
;          |DIVISOR_10MHz:DIVISOR_10MHz_inst|   ; 38 (38)             ; 19 (19)                   ; 0           ; 0            ; 0       ; 0         ; 0    ; 0            ; |toplevel|control:control_inst|MUX:MUX_inst|DIVISOR_10MHz:DIVISOR_10MHz_inst ; DIVISOR_10MHz       ; work         ;
;          |DIVISOR_25Mhz:DIVISOR_25MHz_inst|   ; 44 (44)             ; 20 (20)                   ; 0           ; 0            ; 0       ; 0         ; 0    ; 0            ; |toplevel|control:control_inst|MUX:MUX_inst|DIVISOR_25Mhz:DIVISOR_25MHz_inst ; DIVISOR_25Mhz       ; work         ;
;          |DIVISOR_50MHz:DIVISOR_50MHz_inst|   ; 45 (45)             ; 20 (20)                   ; 0           ; 0            ; 0       ; 0         ; 0    ; 0            ; |toplevel|control:control_inst|MUX:MUX_inst|DIVISOR_50MHz:DIVISOR_50MHz_inst ; DIVISOR_50MHz       ; work         ;
;          |DIVISOR_5MHz:DIVISOR_5MHz_inst|     ; 38 (38)             ; 21 (21)                   ; 0           ; 0            ; 0       ; 0         ; 0    ; 0            ; |toplevel|control:control_inst|MUX:MUX_inst|DIVISOR_5MHz:DIVISOR_5MHz_inst   ; DIVISOR_5MHz        ; work         ;
;    |controlador_display:Display_Control_inst| ; 52 (52)             ; 35 (35)                   ; 0           ; 0            ; 0       ; 0         ; 0    ; 0            ; |toplevel|controlador_display:Display_Control_inst                           ; controlador_display ; work         ;
;    |modulo_BCD:BCD_inst_A|                    ; 7 (7)               ; 0 (0)                     ; 0           ; 0            ; 0       ; 0         ; 0    ; 0            ; |toplevel|modulo_BCD:BCD_inst_A                                              ; modulo_BCD          ; work         ;
;    |modulo_BCD:BCD_inst_B|                    ; 7 (7)               ; 0 (0)                     ; 0           ; 0            ; 0       ; 0         ; 0    ; 0            ; |toplevel|modulo_BCD:BCD_inst_B                                              ; modulo_BCD          ; work         ;
;    |modulo_BCD:BCD_inst_C|                    ; 7 (7)               ; 0 (0)                     ; 0           ; 0            ; 0       ; 0         ; 0    ; 0            ; |toplevel|modulo_BCD:BCD_inst_C                                              ; modulo_BCD          ; work         ;
;    |modulo_BCD:BCD_inst_D|                    ; 7 (7)               ; 0 (0)                     ; 0           ; 0            ; 0       ; 0         ; 0    ; 0            ; |toplevel|modulo_BCD:BCD_inst_D                                              ; modulo_BCD          ; work         ;
+-----------------------------------------------+---------------------+---------------------------+-------------+--------------+---------+-----------+------+--------------+------------------------------------------------------------------------------+---------------------+--------------+
Note: For table entries with two numbers listed, the numbers in parentheses indicate the number of resources of the given type used by the specific entity alone. The numbers listed outside of parentheses indicate the total resources of the given type used by the specific entity and all of its sub-entities in the hierarchy.


Encoding Type:  One-Hot
+---------------------------------------------------------------------------------------------------------------------------+
; State Machine - |toplevel|control:control_inst|estado_atual                                                               ;
+---------------------------+----------------+----------------+----------------+----------------+---------------------------+
; Name                      ; estado_atual.D ; estado_atual.C ; estado_atual.B ; estado_atual.A ; estado_atual.RESET_estado ;
+---------------------------+----------------+----------------+----------------+----------------+---------------------------+
; estado_atual.RESET_estado ; 0              ; 0              ; 0              ; 0              ; 0                         ;
; estado_atual.A            ; 0              ; 0              ; 0              ; 1              ; 1                         ;
; estado_atual.B            ; 0              ; 0              ; 1              ; 0              ; 1                         ;
; estado_atual.C            ; 0              ; 1              ; 0              ; 0              ; 1                         ;
; estado_atual.D            ; 1              ; 0              ; 0              ; 0              ; 1                         ;
+---------------------------+----------------+----------------+----------------+----------------+---------------------------+


+---------------------------------------------------------------------------------------------------------------------------------------------------------------------------+
; Registers Removed During Synthesis                                                                                                                                        ;
+-------------------------------------------------------------------------------+-------------------------------------------------------------------------------------------+
; Register name                                                                 ; Reason for Removal                                                                        ;
+-------------------------------------------------------------------------------+-------------------------------------------------------------------------------------------+
; control:control_inst|MUX:MUX_inst|DIVISOR_5MHz:DIVISOR_5MHz_inst|counter[0]   ; Merged with controlador_display:Display_Control_inst|contador[0]                          ;
; control:control_inst|MUX:MUX_inst|DIVISOR_10MHz:DIVISOR_10MHz_inst|counter[0] ; Merged with controlador_display:Display_Control_inst|contador[0]                          ;
; control:control_inst|MUX:MUX_inst|DIVISOR_25Mhz:DIVISOR_25MHz_inst|counter[0] ; Merged with controlador_display:Display_Control_inst|contador[0]                          ;
; control:control_inst|MUX:MUX_inst|DIVISOR_50MHz:DIVISOR_50MHz_inst|counter[0] ; Merged with controlador_display:Display_Control_inst|contador[0]                          ;
; control:control_inst|MUX:MUX_inst|DIVISOR_5MHz:DIVISOR_5MHz_inst|counter[1]   ; Merged with controlador_display:Display_Control_inst|contador[1]                          ;
; control:control_inst|MUX:MUX_inst|DIVISOR_25Mhz:DIVISOR_25MHz_inst|counter[1] ; Merged with controlador_display:Display_Control_inst|contador[1]                          ;
; control:control_inst|MUX:MUX_inst|DIVISOR_10MHz:DIVISOR_10MHz_inst|counter[1] ; Merged with controlador_display:Display_Control_inst|contador[1]                          ;
; control:control_inst|MUX:MUX_inst|DIVISOR_50MHz:DIVISOR_50MHz_inst|counter[1] ; Merged with controlador_display:Display_Control_inst|contador[1]                          ;
; control:control_inst|MUX:MUX_inst|DIVISOR_25Mhz:DIVISOR_25MHz_inst|counter[2] ; Merged with control:control_inst|MUX:MUX_inst|DIVISOR_5MHz:DIVISOR_5MHz_inst|counter[2]   ;
; control:control_inst|MUX:MUX_inst|DIVISOR_10MHz:DIVISOR_10MHz_inst|counter[2] ; Merged with control:control_inst|MUX:MUX_inst|DIVISOR_5MHz:DIVISOR_5MHz_inst|counter[2]   ;
; control:control_inst|MUX:MUX_inst|DIVISOR_50MHz:DIVISOR_50MHz_inst|counter[2] ; Merged with control:control_inst|MUX:MUX_inst|DIVISOR_5MHz:DIVISOR_5MHz_inst|counter[2]   ;
; control:control_inst|MUX:MUX_inst|DIVISOR_5MHz:DIVISOR_5MHz_inst|counter[2]   ; Merged with controlador_display:Display_Control_inst|contador[2]                          ;
; control:control_inst|MUX:MUX_inst|DIVISOR_25Mhz:DIVISOR_25MHz_inst|counter[3] ; Merged with control:control_inst|MUX:MUX_inst|DIVISOR_5MHz:DIVISOR_5MHz_inst|counter[3]   ;
; control:control_inst|MUX:MUX_inst|DIVISOR_10MHz:DIVISOR_10MHz_inst|counter[3] ; Merged with control:control_inst|MUX:MUX_inst|DIVISOR_5MHz:DIVISOR_5MHz_inst|counter[3]   ;
; control:control_inst|MUX:MUX_inst|DIVISOR_50MHz:DIVISOR_50MHz_inst|counter[3] ; Merged with control:control_inst|MUX:MUX_inst|DIVISOR_5MHz:DIVISOR_5MHz_inst|counter[3]   ;
; control:control_inst|MUX:MUX_inst|DIVISOR_25Mhz:DIVISOR_25MHz_inst|counter[4] ; Merged with control:control_inst|MUX:MUX_inst|DIVISOR_5MHz:DIVISOR_5MHz_inst|counter[4]   ;
; control:control_inst|MUX:MUX_inst|DIVISOR_10MHz:DIVISOR_10MHz_inst|counter[4] ; Merged with control:control_inst|MUX:MUX_inst|DIVISOR_5MHz:DIVISOR_5MHz_inst|counter[4]   ;
; control:control_inst|MUX:MUX_inst|DIVISOR_50MHz:DIVISOR_50MHz_inst|counter[4] ; Merged with control:control_inst|MUX:MUX_inst|DIVISOR_5MHz:DIVISOR_5MHz_inst|counter[4]   ;
; control:control_inst|MUX:MUX_inst|DIVISOR_25Mhz:DIVISOR_25MHz_inst|counter[5] ; Merged with control:control_inst|MUX:MUX_inst|DIVISOR_5MHz:DIVISOR_5MHz_inst|counter[5]   ;
; control:control_inst|MUX:MUX_inst|DIVISOR_10MHz:DIVISOR_10MHz_inst|counter[5] ; Merged with control:control_inst|MUX:MUX_inst|DIVISOR_5MHz:DIVISOR_5MHz_inst|counter[5]   ;
; control:control_inst|MUX:MUX_inst|DIVISOR_50MHz:DIVISOR_50MHz_inst|counter[5] ; Merged with control:control_inst|MUX:MUX_inst|DIVISOR_5MHz:DIVISOR_5MHz_inst|counter[5]   ;
; control:control_inst|MUX:MUX_inst|DIVISOR_50MHz:DIVISOR_50MHz_inst|counter[6] ; Merged with control:control_inst|MUX:MUX_inst|DIVISOR_10MHz:DIVISOR_10MHz_inst|counter[6] ;
; Total Number of Removed Registers = 22                                        ;                                                                                           ;
+-------------------------------------------------------------------------------+-------------------------------------------------------------------------------------------+


+------------------------------------------------------+
; General Register Statistics                          ;
+----------------------------------------------+-------+
; Statistic                                    ; Value ;
+----------------------------------------------+-------+
; Total registers                              ; 248   ;
; Number of registers using Synchronous Clear  ; 0     ;
; Number of registers using Synchronous Load   ; 0     ;
; Number of registers using Asynchronous Clear ; 133   ;
; Number of registers using Asynchronous Load  ; 0     ;
; Number of registers using Clock Enable       ; 96    ;
; Number of registers using Preset             ; 0     ;
+----------------------------------------------+-------+


+--------------------------------------------------------------------------------------------------------------------------------------------------------------+
; Multiplexer Restructuring Statistics (Restructuring Performed)                                                                                               ;
+--------------------+-----------+---------------+----------------------+------------------------+------------+------------------------------------------------+
; Multiplexer Inputs ; Bus Width ; Baseline Area ; Area if Restructured ; Saving if Restructured ; Registered ; Example Multiplexer Output                     ;
+--------------------+-----------+---------------+----------------------+------------------------+------------+------------------------------------------------+
; 4:1                ; 7 bits    ; 14 LEs        ; 14 LEs               ; 0 LEs                  ; No         ; |toplevel|MUX4_1:MUX4_1_inst|saida[2]          ;
; 5:1                ; 2 bits    ; 6 LEs         ; 4 LEs                ; 2 LEs                  ; No         ; |toplevel|modulo_BCD:BCD_inst_A|inter_saida[0] ;
; 5:1                ; 2 bits    ; 6 LEs         ; 4 LEs                ; 2 LEs                  ; No         ; |toplevel|modulo_BCD:BCD_inst_C|inter_saida[0] ;
; 5:1                ; 2 bits    ; 6 LEs         ; 4 LEs                ; 2 LEs                  ; No         ; |toplevel|modulo_BCD:BCD_inst_B|inter_saida[0] ;
; 5:1                ; 2 bits    ; 6 LEs         ; 4 LEs                ; 2 LEs                  ; No         ; |toplevel|modulo_BCD:BCD_inst_D|inter_saida[0] ;
+--------------------+-----------+---------------+----------------------+------------------------+------------+------------------------------------------------+


+-----------------------------------------------------+
; Post-Synthesis Netlist Statistics for Top Partition ;
+-----------------------+-----------------------------+
; Type                  ; Count                       ;
+-----------------------+-----------------------------+
; boundary_port         ; 42                          ;
; cycloneiii_ff         ; 248                         ;
;     CLR               ; 37                          ;
;     ENA CLR           ; 96                          ;
;     plain             ; 115                         ;
; cycloneiii_lcell_comb ; 472                         ;
;     arith             ; 245                         ;
;         2 data inputs ; 241                         ;
;         3 data inputs ; 4                           ;
;     normal            ; 227                         ;
;         1 data inputs ; 32                          ;
;         2 data inputs ; 72                          ;
;         3 data inputs ; 8                           ;
;         4 data inputs ; 115                         ;
;                       ;                             ;
; Max LUT depth         ; 4.40                        ;
; Average LUT depth     ; 3.48                        ;
+-----------------------+-----------------------------+


+-------------------------------+
; Elapsed Time Per Partition    ;
+----------------+--------------+
; Partition Name ; Elapsed Time ;
+----------------+--------------+
; Top            ; 00:00:01     ;
+----------------+--------------+


+-------------------------------+
; Analysis & Synthesis Messages ;
+-------------------------------+
Info: *******************************************************************
Info: Running Quartus Prime Analysis & Synthesis
    Info: Version 17.0.0 Build 595 04/25/2017 SJ Lite Edition
    Info: Processing started: Mon Dec 04 23:17:38 2023
Info: Command: quartus_map --read_settings_files=on --write_settings_files=off contador -c contador
Warning (18236): Number of processors has not been specified which may cause overloading on shared machines.  Set the global assignment NUM_PARALLEL_PROCESSORS in your QSF to an appropriate value for best performance.
Info (20030): Parallel compilation is enabled and will use 2 of the 2 processors detected
Info (12021): Found 2 design units, including 1 entities, in source file divisor_50mhz.vhd
    Info (12022): Found design unit 1: DIVISOR_50MHz-DIVISOR_arch File: C:/Users/Akira/Documents/github/Sistemasdigitais/4bimestre/Trabalho 2/segundaparte/DIVISOR_50MHz.vhd Line: 11
    Info (12023): Found entity 1: DIVISOR_50MHz File: C:/Users/Akira/Documents/github/Sistemasdigitais/4bimestre/Trabalho 2/segundaparte/DIVISOR_50MHz.vhd Line: 4
Info (12021): Found 2 design units, including 1 entities, in source file divisor_25mhz.vhd
    Info (12022): Found design unit 1: DIVISOR_25Mhz-DIVISOR_arch File: C:/Users/Akira/Documents/github/Sistemasdigitais/4bimestre/Trabalho 2/segundaparte/DIVISOR_25MHz.vhd Line: 11
    Info (12023): Found entity 1: DIVISOR_25Mhz File: C:/Users/Akira/Documents/github/Sistemasdigitais/4bimestre/Trabalho 2/segundaparte/DIVISOR_25MHz.vhd Line: 4
Info (12021): Found 2 design units, including 1 entities, in source file divisor_10mhz.vhd
    Info (12022): Found design unit 1: DIVISOR_10MHz-DIVISOR_arch File: C:/Users/Akira/Documents/github/Sistemasdigitais/4bimestre/Trabalho 2/segundaparte/DIVISOR_10MHz.vhd Line: 11
    Info (12023): Found entity 1: DIVISOR_10MHz File: C:/Users/Akira/Documents/github/Sistemasdigitais/4bimestre/Trabalho 2/segundaparte/DIVISOR_10MHz.vhd Line: 4
Info (12021): Found 2 design units, including 1 entities, in source file divisor_5mhz.vhd
    Info (12022): Found design unit 1: DIVISOR_5MHz-DIVISOR_arch File: C:/Users/Akira/Documents/github/Sistemasdigitais/4bimestre/Trabalho 2/segundaparte/DIVISOR_5MHz.vhd Line: 11
    Info (12023): Found entity 1: DIVISOR_5MHz File: C:/Users/Akira/Documents/github/Sistemasdigitais/4bimestre/Trabalho 2/segundaparte/DIVISOR_5MHz.vhd Line: 4
Info (12021): Found 2 design units, including 1 entities, in source file control.vhd
    Info (12022): Found design unit 1: control-comportamento_moore File: C:/Users/Akira/Documents/github/Sistemasdigitais/4bimestre/Trabalho 2/segundaparte/control.vhd Line: 13
    Info (12023): Found entity 1: control File: C:/Users/Akira/Documents/github/Sistemasdigitais/4bimestre/Trabalho 2/segundaparte/control.vhd Line: 4
Warning (12090): Entity "MUX" obtained from "MUX.vhd" instead of from Quartus Prime megafunction library File: C:/Users/Akira/Documents/github/Sistemasdigitais/4bimestre/Trabalho 2/segundaparte/MUX.vhd Line: 4
Info (12021): Found 2 design units, including 1 entities, in source file mux.vhd
    Info (12022): Found design unit 1: MUX-megahertz File: C:/Users/Akira/Documents/github/Sistemasdigitais/4bimestre/Trabalho 2/segundaparte/MUX.vhd Line: 12
    Info (12023): Found entity 1: MUX File: C:/Users/Akira/Documents/github/Sistemasdigitais/4bimestre/Trabalho 2/segundaparte/MUX.vhd Line: 4
Info (12021): Found 2 design units, including 1 entities, in source file toplevel.vhd
    Info (12022): Found design unit 1: toplevel-top_level_arch File: C:/Users/Akira/Documents/github/Sistemasdigitais/4bimestre/Trabalho 2/segundaparte/toplevel.vhd Line: 14
    Info (12023): Found entity 1: toplevel File: C:/Users/Akira/Documents/github/Sistemasdigitais/4bimestre/Trabalho 2/segundaparte/toplevel.vhd Line: 4
Info (12127): Elaborating entity "toplevel" for the top level hierarchy
Warning (12125): Using design file contador.vhd, which is not specified as a design file for the current project, but contains definitions for 2 design units and 1 entities in project
    Info (12022): Found design unit 1: contador-comportamento_contador File: C:/Users/Akira/Documents/github/Sistemasdigitais/4bimestre/Trabalho 2/segundaparte/contador.vhd Line: 12
    Info (12023): Found entity 1: contador File: C:/Users/Akira/Documents/github/Sistemasdigitais/4bimestre/Trabalho 2/segundaparte/contador.vhd Line: 5
Info (12128): Elaborating entity "contador" for hierarchy "contador:contador_inst" File: C:/Users/Akira/Documents/github/Sistemasdigitais/4bimestre/Trabalho 2/segundaparte/toplevel.vhd Line: 61
Info (12128): Elaborating entity "control" for hierarchy "control:control_inst" File: C:/Users/Akira/Documents/github/Sistemasdigitais/4bimestre/Trabalho 2/segundaparte/toplevel.vhd Line: 71
Info (12128): Elaborating entity "MUX" for hierarchy "control:control_inst|MUX:MUX_inst" File: C:/Users/Akira/Documents/github/Sistemasdigitais/4bimestre/Trabalho 2/segundaparte/control.vhd Line: 30
Warning (10492): VHDL Process Statement warning at MUX.vhd(76): signal "clock_saida_5" is read inside the Process Statement but isn't in the Process Statement's sensitivity list File: C:/Users/Akira/Documents/github/Sistemasdigitais/4bimestre/Trabalho 2/segundaparte/MUX.vhd Line: 76
Warning (10492): VHDL Process Statement warning at MUX.vhd(79): signal "clock_saida_10" is read inside the Process Statement but isn't in the Process Statement's sensitivity list File: C:/Users/Akira/Documents/github/Sistemasdigitais/4bimestre/Trabalho 2/segundaparte/MUX.vhd Line: 79
Warning (10492): VHDL Process Statement warning at MUX.vhd(82): signal "clock_saida_25" is read inside the Process Statement but isn't in the Process Statement's sensitivity list File: C:/Users/Akira/Documents/github/Sistemasdigitais/4bimestre/Trabalho 2/segundaparte/MUX.vhd Line: 82
Warning (10492): VHDL Process Statement warning at MUX.vhd(85): signal "clock_saida_50" is read inside the Process Statement but isn't in the Process Statement's sensitivity list File: C:/Users/Akira/Documents/github/Sistemasdigitais/4bimestre/Trabalho 2/segundaparte/MUX.vhd Line: 85
Warning (10631): VHDL Process Statement warning at MUX.vhd(70): inferring latch(es) for signal or variable "clock_saida", which holds its previous value in one or more paths through the process File: C:/Users/Akira/Documents/github/Sistemasdigitais/4bimestre/Trabalho 2/segundaparte/MUX.vhd Line: 70
Info (10041): Inferred latch for "clock_saida" at MUX.vhd(70) File: C:/Users/Akira/Documents/github/Sistemasdigitais/4bimestre/Trabalho 2/segundaparte/MUX.vhd Line: 70
Info (12128): Elaborating entity "DIVISOR_5MHz" for hierarchy "control:control_inst|MUX:MUX_inst|DIVISOR_5MHz:DIVISOR_5MHz_inst" File: C:/Users/Akira/Documents/github/Sistemasdigitais/4bimestre/Trabalho 2/segundaparte/MUX.vhd Line: 46
Warning (10540): VHDL Signal Declaration warning at DIVISOR_5MHz.vhd(13): used explicit default value for signal "prescaler" because signal was never assigned a value File: C:/Users/Akira/Documents/github/Sistemasdigitais/4bimestre/Trabalho 2/segundaparte/DIVISOR_5MHz.vhd Line: 13
Info (12128): Elaborating entity "DIVISOR_10MHz" for hierarchy "control:control_inst|MUX:MUX_inst|DIVISOR_10MHz:DIVISOR_10MHz_inst" File: C:/Users/Akira/Documents/github/Sistemasdigitais/4bimestre/Trabalho 2/segundaparte/MUX.vhd Line: 52
Warning (10540): VHDL Signal Declaration warning at DIVISOR_10MHz.vhd(13): used explicit default value for signal "prescaler" because signal was never assigned a value File: C:/Users/Akira/Documents/github/Sistemasdigitais/4bimestre/Trabalho 2/segundaparte/DIVISOR_10MHz.vhd Line: 13
Info (12128): Elaborating entity "DIVISOR_25Mhz" for hierarchy "control:control_inst|MUX:MUX_inst|DIVISOR_25Mhz:DIVISOR_25MHz_inst" File: C:/Users/Akira/Documents/github/Sistemasdigitais/4bimestre/Trabalho 2/segundaparte/MUX.vhd Line: 58
Warning (10540): VHDL Signal Declaration warning at DIVISOR_25MHz.vhd(13): used explicit default value for signal "prescaler" because signal was never assigned a value File: C:/Users/Akira/Documents/github/Sistemasdigitais/4bimestre/Trabalho 2/segundaparte/DIVISOR_25MHz.vhd Line: 13
Info (12128): Elaborating entity "DIVISOR_50MHz" for hierarchy "control:control_inst|MUX:MUX_inst|DIVISOR_50MHz:DIVISOR_50MHz_inst" File: C:/Users/Akira/Documents/github/Sistemasdigitais/4bimestre/Trabalho 2/segundaparte/MUX.vhd Line: 64
Warning (10540): VHDL Signal Declaration warning at DIVISOR_50MHz.vhd(13): used explicit default value for signal "prescaler" because signal was never assigned a value File: C:/Users/Akira/Documents/github/Sistemasdigitais/4bimestre/Trabalho 2/segundaparte/DIVISOR_50MHz.vhd Line: 13
Warning (12125): Using design file modulo_bcd.vhd, which is not specified as a design file for the current project, but contains definitions for 2 design units and 1 entities in project
    Info (12022): Found design unit 1: modulo_BCD-Behavioral File: C:/Users/Akira/Documents/github/Sistemasdigitais/4bimestre/Trabalho 2/segundaparte/modulo_bcd.vhd Line: 26
    Info (12023): Found entity 1: modulo_BCD File: C:/Users/Akira/Documents/github/Sistemasdigitais/4bimestre/Trabalho 2/segundaparte/modulo_bcd.vhd Line: 21
Info (12128): Elaborating entity "modulo_BCD" for hierarchy "modulo_BCD:BCD_inst_A" File: C:/Users/Akira/Documents/github/Sistemasdigitais/4bimestre/Trabalho 2/segundaparte/toplevel.vhd Line: 80
Warning (12125): Using design file controlador_display.vhd, which is not specified as a design file for the current project, but contains definitions for 2 design units and 1 entities in project
    Info (12022): Found design unit 1: controlador_display-Behavioral File: C:/Users/Akira/Documents/github/Sistemasdigitais/4bimestre/Trabalho 2/segundaparte/controlador_display.vhd Line: 27
    Info (12023): Found entity 1: controlador_display File: C:/Users/Akira/Documents/github/Sistemasdigitais/4bimestre/Trabalho 2/segundaparte/controlador_display.vhd Line: 21
Info (12128): Elaborating entity "controlador_display" for hierarchy "controlador_display:Display_Control_inst" File: C:/Users/Akira/Documents/github/Sistemasdigitais/4bimestre/Trabalho 2/segundaparte/toplevel.vhd Line: 102
Warning (12125): Using design file mux4_1.vhd, which is not specified as a design file for the current project, but contains definitions for 2 design units and 1 entities in project
    Info (12022): Found design unit 1: MUX4_1-Behavioral File: C:/Users/Akira/Documents/github/Sistemasdigitais/4bimestre/Trabalho 2/segundaparte/mux4_1.vhd Line: 27
    Info (12023): Found entity 1: MUX4_1 File: C:/Users/Akira/Documents/github/Sistemasdigitais/4bimestre/Trabalho 2/segundaparte/mux4_1.vhd Line: 21
Info (12128): Elaborating entity "MUX4_1" for hierarchy "MUX4_1:MUX4_1_inst" File: C:/Users/Akira/Documents/github/Sistemasdigitais/4bimestre/Trabalho 2/segundaparte/toplevel.vhd Line: 109
Warning (14026): LATCH primitive "control:control_inst|MUX:MUX_inst|clock_saida" is permanently enabled File: C:/Users/Akira/Documents/github/Sistemasdigitais/4bimestre/Trabalho 2/segundaparte/MUX.vhd Line: 8
Warning (19016): Clock multiplexers are found and protected
    Warning (19017): Found clock multiplexer control:control_inst|MUX:MUX_inst|clock_saida~0 File: C:/Users/Akira/Documents/github/Sistemasdigitais/4bimestre/Trabalho 2/segundaparte/MUX.vhd Line: 8
Info (286030): Timing-Driven Synthesis is running
Critical Warning (18061): Ignored Power-Up Level option on the following registers
    Critical Warning (18010): Register contador:contador_inst|cont3[0] will power up to Low File: C:/Users/Akira/Documents/github/Sistemasdigitais/4bimestre/Trabalho 2/segundaparte/contador.vhd Line: 33
    Critical Warning (18010): Register contador:contador_inst|cont2[0] will power up to Low File: C:/Users/Akira/Documents/github/Sistemasdigitais/4bimestre/Trabalho 2/segundaparte/contador.vhd Line: 33
    Critical Warning (18010): Register contador:contador_inst|cont1[0] will power up to Low File: C:/Users/Akira/Documents/github/Sistemasdigitais/4bimestre/Trabalho 2/segundaparte/contador.vhd Line: 33
    Critical Warning (18010): Register contador:contador_inst|cont4[0] will power up to Low File: C:/Users/Akira/Documents/github/Sistemasdigitais/4bimestre/Trabalho 2/segundaparte/contador.vhd Line: 33
    Critical Warning (18010): Register contador:contador_inst|cont4[31] will power up to Low File: C:/Users/Akira/Documents/github/Sistemasdigitais/4bimestre/Trabalho 2/segundaparte/contador.vhd Line: 33
    Critical Warning (18010): Register contador:contador_inst|cont3[31] will power up to Low File: C:/Users/Akira/Documents/github/Sistemasdigitais/4bimestre/Trabalho 2/segundaparte/contador.vhd Line: 33
    Critical Warning (18010): Register contador:contador_inst|cont2[31] will power up to Low File: C:/Users/Akira/Documents/github/Sistemasdigitais/4bimestre/Trabalho 2/segundaparte/contador.vhd Line: 33
    Critical Warning (18010): Register contador:contador_inst|cont1[31] will power up to Low File: C:/Users/Akira/Documents/github/Sistemasdigitais/4bimestre/Trabalho 2/segundaparte/contador.vhd Line: 33
Info (16010): Generating hard_block partition "hard_block:auto_generated_inst"
    Info (16011): Adding 0 node(s), including 0 DDIO, 0 PLL, 0 transceiver and 0 LCELL
Info (21057): Implemented 496 device resources after synthesis - the final resource count might be different
    Info (21058): Implemented 3 input pins
    Info (21059): Implemented 39 output pins
    Info (21061): Implemented 454 logic cells
Info: Quartus Prime Analysis & Synthesis was successful. 0 errors, 27 warnings
    Info: Peak virtual memory: 4784 megabytes
    Info: Processing ended: Mon Dec 04 23:18:01 2023
    Info: Elapsed time: 00:00:23
    Info: Total CPU time (on all processors): 00:00:50


